
> frontend@0.1.0 build
> next build

⚠ Warning: Next.js inferred your workspace root, but it may not be correct.
 We detected multiple lockfiles and selected the directory of /workspaces/xborg-tech-challenge/package-lock.json as the root directory.
 To silence this warning, set `turbopack.root` in your Next.js config, or consider removing one of the lockfiles if it's not needed.
   See https://nextjs.org/docs/app/api-reference/config/next-config-js/turbopack#root-directory for more information.
 Detected additional lockfiles: 
   * /workspaces/xborg-tech-challenge/frontend/package-lock.json

▲ Next.js 16.1.3 (Turbopack)
- Environments: .env.local

  Creating an optimized production build ...
✓ Compiled successfully in 6.7s
  Running TypeScript ...
  Collecting page data using 1 worker ...
  Generating static pages using 1 worker (0/7) ...
⨯ useSearchParams() should be wrapped in a suspense boundary at page "/auth/callback". Read more: https://nextjs.org/docs/messages/missing-suspense-with-csr-bailout
    at Q (/workspaces/xborg-tech-challenge/frontend/.next/server/chunks/ssr/9e883_83d9db50._.js:2:2111)
    at o (/workspaces/xborg-tech-challenge/frontend/.next/server/chunks/ssr/9e883_83d9db50._.js:4:5283)
    at f (/workspaces/xborg-tech-challenge/frontend/.next/server/chunks/ssr/[root-of-the-server]__50be836f._.js:1:931)
    at an (/workspaces/xborg-tech-challenge/frontend/node_modules/next/dist/compiled/next-server/app-page-turbo.runtime.prod.js:2:84360)
    at ai (/workspaces/xborg-tech-challenge/frontend/node_modules/next/dist/compiled/next-server/app-page-turbo.runtime.prod.js:2:86179)
    at al (/workspaces/xborg-tech-challenge/frontend/node_modules/next/dist/compiled/next-server/app-page-turbo.runtime.prod.js:2:107953)
    at as (/workspaces/xborg-tech-challenge/frontend/node_modules/next/dist/compiled/next-server/app-page-turbo.runtime.prod.js:2:105368)
    at aa (/workspaces/xborg-tech-challenge/frontend/node_modules/next/dist/compiled/next-server/app-page-turbo.runtime.prod.js:2:84712)
    at ai (/workspaces/xborg-tech-challenge/frontend/node_modules/next/dist/compiled/next-server/app-page-turbo.runtime.prod.js:2:86228)
    at ai (/workspaces/xborg-tech-challenge/frontend/node_modules/next/dist/compiled/next-server/app-page-turbo.runtime.prod.js:2:104708)
Error occurred prerendering page "/auth/callback". Read more: https://nextjs.org/docs/messages/prerender-error
Export encountered an error on /auth/callback/page: /auth/callback, exiting the build.
⨯ Next.js build worker exited with code: 1 and signal: null
