
> backend@0.0.1 start
> node dist/main

[32m[Nest] 47190  - [39m01/20/2026, 9:16:26 PM [32m    LOG[39m [38;5;3m[NestFactory] [39m[32mStarting Nest application...[39m
[32m[Nest] 47190  - [39m01/20/2026, 9:16:26 PM [32m    LOG[39m [38;5;3m[InstanceLoader] [39m[32mTypeOrmModule dependencies initialized[39m[38;5;3m +19ms[39m
[32m[Nest] 47190  - [39m01/20/2026, 9:16:26 PM [32m    LOG[39m [38;5;3m[InstanceLoader] [39m[32mPassportModule dependencies initialized[39m[38;5;3m +0ms[39m
[32m[Nest] 47190  - [39m01/20/2026, 9:16:26 PM [32m    LOG[39m [38;5;3m[InstanceLoader] [39m[32mDatabaseModule dependencies initialized[39m[38;5;3m +0ms[39m
[32m[Nest] 47190  - [39m01/20/2026, 9:16:26 PM [32m    LOG[39m [38;5;3m[InstanceLoader] [39m[32mAppModule dependencies initialized[39m[38;5;3m +0ms[39m
[32m[Nest] 47190  - [39m01/20/2026, 9:16:26 PM [32m    LOG[39m [38;5;3m[InstanceLoader] [39m[32mConfigHostModule dependencies initialized[39m[38;5;3m +0ms[39m
[32m[Nest] 47190  - [39m01/20/2026, 9:16:26 PM [32m    LOG[39m [38;5;3m[InstanceLoader] [39m[32mConfigModule dependencies initialized[39m[38;5;3m +1ms[39m
[32m[Nest] 47190  - [39m01/20/2026, 9:16:26 PM [32m    LOG[39m [38;5;3m[InstanceLoader] [39m[32mConfigModule dependencies initialized[39m[38;5;3m +0ms[39m
[32m[Nest] 47190  - [39m01/20/2026, 9:16:26 PM [32m    LOG[39m [38;5;3m[InstanceLoader] [39m[32mJwtModule dependencies initialized[39m[38;5;3m +2ms[39m
[32m[Nest] 47190  - [39m01/20/2026, 9:16:27 PM [32m    LOG[39m [38;5;3m[InstanceLoader] [39m[32mTypeOrmCoreModule dependencies initialized[39m[38;5;3m +38ms[39m
[32m[Nest] 47190  - [39m01/20/2026, 9:16:27 PM [32m    LOG[39m [38;5;3m[InstanceLoader] [39m[32mTypeOrmModule dependencies initialized[39m[38;5;3m +0ms[39m
[32m[Nest] 47190  - [39m01/20/2026, 9:16:27 PM [32m    LOG[39m [38;5;3m[InstanceLoader] [39m[32mUserModule dependencies initialized[39m[38;5;3m +3ms[39m
[32m[Nest] 47190  - [39m01/20/2026, 9:16:27 PM [32m    LOG[39m [38;5;3m[InstanceLoader] [39m[32mAuthModule dependencies initialized[39m[38;5;3m +0ms[39m
[32m[Nest] 47190  - [39m01/20/2026, 9:16:27 PM [32m    LOG[39m [38;5;3m[RoutesResolver] [39m[32mAppController {/}:[39m[38;5;3m +8ms[39m
[32m[Nest] 47190  - [39m01/20/2026, 9:16:27 PM [32m    LOG[39m [38;5;3m[RouterExplorer] [39m[32mMapped {/, GET} route[39m[38;5;3m +4ms[39m
[32m[Nest] 47190  - [39m01/20/2026, 9:16:27 PM [32m    LOG[39m [38;5;3m[RouterExplorer] [39m[32mMapped {/health, GET} route[39m[38;5;3m +1ms[39m
[32m[Nest] 47190  - [39m01/20/2026, 9:16:27 PM [32m    LOG[39m [38;5;3m[RoutesResolver] [39m[32mAuthController {/auth}:[39m[38;5;3m +0ms[39m
[32m[Nest] 47190  - [39m01/20/2026, 9:16:27 PM [32m    LOG[39m [38;5;3m[RouterExplorer] [39m[32mMapped {/auth/login/google, GET} route[39m[38;5;3m +0ms[39m
[32m[Nest] 47190  - [39m01/20/2026, 9:16:27 PM [32m    LOG[39m [38;5;3m[RouterExplorer] [39m[32mMapped {/auth/validate/google, GET} route[39m[38;5;3m +1ms[39m
[32m[Nest] 47190  - [39m01/20/2026, 9:16:27 PM [32m    LOG[39m [38;5;3m[RouterExplorer] [39m[32mMapped {/auth/test-login, POST} route[39m[38;5;3m +1ms[39m
[32m[Nest] 47190  - [39m01/20/2026, 9:16:27 PM [32m    LOG[39m [38;5;3m[RoutesResolver] [39m[32mUserController {/user}:[39m[38;5;3m +0ms[39m
[32m[Nest] 47190  - [39m01/20/2026, 9:16:27 PM [32m    LOG[39m [38;5;3m[RouterExplorer] [39m[32mMapped {/user/profile, GET} route[39m[38;5;3m +0ms[39m
[32m[Nest] 47190  - [39m01/20/2026, 9:16:27 PM [32m    LOG[39m [38;5;3m[RouterExplorer] [39m[32mMapped {/user/profile, PUT} route[39m[38;5;3m +1ms[39m
[32m[Nest] 47190  - [39m01/20/2026, 9:16:27 PM [32m    LOG[39m [38;5;3m[NestApplication] [39m[32mNest application successfully started[39m[38;5;3m +3ms[39m
Application is running on: http://0.0.0.0:3001
CORS Origin: *
Database: /tmp/data/database.sqlite
2026-01-20T21:16:31.309Z GET /
2026-01-20T21:16:31.324Z GET /health
