nohup: ignoring input

> backend@0.0.1 start:dev
> nest start --watch

[2J[3J[H[[90m7:55:02 AM[0m] Starting compilation in watch mode...

[[90m7:55:06 AM[0m] Found 0 errors. Watching for file changes.

(node:83530) [DEP0190] DeprecationWarning: Passing args to a child process with shell option true can lead to security vulnerabilities, as the arguments are not escaped, only concatenated.
(Use `node --trace-deprecation ...` to show where the warning was created)
[32m[Nest] 83641  - [39m01/19/2026, 7:55:07 AM [32m    LOG[39m [38;5;3m[NestFactory] [39m[32mStarting Nest application...[39m
[32m[Nest] 83641  - [39m01/19/2026, 7:55:07 AM [32m    LOG[39m [38;5;3m[InstanceLoader] [39m[32mAppModule dependencies initialized[39m[38;5;3m +27ms[39m
[32m[Nest] 83641  - [39m01/19/2026, 7:55:07 AM [32m    LOG[39m [38;5;3m[InstanceLoader] [39m[32mTypeOrmModule dependencies initialized[39m[38;5;3m +1ms[39m
[32m[Nest] 83641  - [39m01/19/2026, 7:55:07 AM [32m    LOG[39m [38;5;3m[InstanceLoader] [39m[32mPassportModule dependencies initialized[39m[38;5;3m +0ms[39m
[32m[Nest] 83641  - [39m01/19/2026, 7:55:07 AM [32m    LOG[39m [38;5;3m[InstanceLoader] [39m[32mConfigHostModule dependencies initialized[39m[38;5;3m +0ms[39m
[32m[Nest] 83641  - [39m01/19/2026, 7:55:07 AM [32m    LOG[39m [38;5;3m[InstanceLoader] [39m[32mConfigModule dependencies initialized[39m[38;5;3m +1ms[39m
[32m[Nest] 83641  - [39m01/19/2026, 7:55:07 AM [32m    LOG[39m [38;5;3m[InstanceLoader] [39m[32mConfigModule dependencies initialized[39m[38;5;3m +0ms[39m
[32m[Nest] 83641  - [39m01/19/2026, 7:55:07 AM [32m    LOG[39m [38;5;3m[InstanceLoader] [39m[32mJwtModule dependencies initialized[39m[38;5;3m +1ms[39m
[32m[Nest] 83641  - [39m01/19/2026, 7:55:07 AM [32m    LOG[39m [38;5;3m[InstanceLoader] [39m[32mTypeOrmCoreModule dependencies initialized[39m[38;5;3m +34ms[39m
[32m[Nest] 83641  - [39m01/19/2026, 7:55:07 AM [32m    LOG[39m [38;5;3m[InstanceLoader] [39m[32mTypeOrmModule dependencies initialized[39m[38;5;3m +1ms[39m
[32m[Nest] 83641  - [39m01/19/2026, 7:55:07 AM [32m    LOG[39m [38;5;3m[InstanceLoader] [39m[32mUserModule dependencies initialized[39m[38;5;3m +2ms[39m
[32m[Nest] 83641  - [39m01/19/2026, 7:55:07 AM [32m    LOG[39m [38;5;3m[InstanceLoader] [39m[32mAuthModule dependencies initialized[39m[38;5;3m +0ms[39m
[32m[Nest] 83641  - [39m01/19/2026, 7:55:07 AM [32m    LOG[39m [38;5;3m[RoutesResolver] [39m[32mAuthController {/auth}:[39m[38;5;3m +6ms[39m
[32m[Nest] 83641  - [39m01/19/2026, 7:55:07 AM [32m    LOG[39m [38;5;3m[RouterExplorer] [39m[32mMapped {/auth/login/google, GET} route[39m[38;5;3m +2ms[39m
[32m[Nest] 83641  - [39m01/19/2026, 7:55:07 AM [32m    LOG[39m [38;5;3m[RouterExplorer] [39m[32mMapped {/auth/validate/google, GET} route[39m[38;5;3m +1ms[39m
[32m[Nest] 83641  - [39m01/19/2026, 7:55:07 AM [32m    LOG[39m [38;5;3m[RouterExplorer] [39m[32mMapped {/auth/test/login, GET} route[39m[38;5;3m +0ms[39m
[32m[Nest] 83641  - [39m01/19/2026, 7:55:07 AM [32m    LOG[39m [38;5;3m[RoutesResolver] [39m[32mUserController {/user}:[39m[38;5;3m +1ms[39m
[32m[Nest] 83641  - [39m01/19/2026, 7:55:07 AM [32m    LOG[39m [38;5;3m[RouterExplorer] [39m[32mMapped {/user/profile, GET} route[39m[38;5;3m +0ms[39m
[32m[Nest] 83641  - [39m01/19/2026, 7:55:07 AM [32m    LOG[39m [38;5;3m[RouterExplorer] [39m[32mMapped {/user/profile, PUT} route[39m[38;5;3m +0ms[39m
[32m[Nest] 83641  - [39m01/19/2026, 7:55:07 AM [32m    LOG[39m [38;5;3m[NestApplication] [39m[32mNest application successfully started[39m[38;5;3m +4ms[39m
[31m[Nest] 83641  - [39m01/19/2026, 7:55:07 AM Killed
RROR[39m [38;5;3m[NestApplication] [39m[31mError: listen EADDRINUSE: address already in use :::3001[39m[38;5;3m +3ms[39m
node:net:1940
    const ex = new UVExceptionWithHostPort(err, 'listen', address, port);
               ^

Error: listen EADDRINUSE: address already in use :::3001
    at Server.setupListenHandle [as _listen2] (node:net:1940:16)
    at listenInCluster (node:net:1997:12)
    at Server.listen (node:net:2102:7)
    at ExpressAdapter.listen (/workspaces/xborg-tech-challenge/backend/node_modules/@nestjs/platform-express/adapters/express-adapter.js:95:32)
    at /workspaces/xborg-tech-challenge/backend/node_modules/@nestjs/core/nest-application.js:183:30
    at new Promise (<anonymous>)
    at NestApplication.listen (/workspaces/xborg-tech-challenge/backend/node_modules/@nestjs/core/nest-application.js:173:16)
    at async bootstrap (/workspaces/xborg-tech-challenge/backend/src/main.ts:23:3) {
  code: 'EADDRINUSE',
  errno: -98,
  syscall: 'listen',
  address: '::',
  port: 3001
}

Node.js v24.11.1
